c:\users\charmander\documents\visual studio 2015\projects\final\final\debug\vc140.pdb
c:\users\charmander\documents\visual studio 2015\projects\final\final\debug\vc140.idb
c:\users\charmander\documents\visual studio 2015\projects\final\final\debug\bully.obj
c:\users\charmander\documents\visual studio 2015\projects\final\final\debug\campaign.obj
c:\users\charmander\documents\visual studio 2015\projects\final\final\debug\character.obj
c:\users\charmander\documents\visual studio 2015\projects\final\final\debug\characterobserver.obj
c:\users\charmander\documents\visual studio 2015\projects\final\final\debug\fighter.obj
c:\users\charmander\documents\visual studio 2015\projects\final\final\debug\final.obj
c:\users\charmander\documents\visual studio 2015\projects\final\final\debug\item.obj
c:\users\charmander\documents\visual studio 2015\projects\final\final\debug\itemvector.obj
c:\users\charmander\documents\visual studio 2015\projects\final\final\debug\main.obj
c:\users\charmander\documents\visual studio 2015\projects\final\final\debug\map.obj
c:\users\charmander\documents\visual studio 2015\projects\final\final\debug\mapobserver.obj
c:\users\charmander\documents\visual studio 2015\projects\final\final\debug\miscfunc.obj
c:\users\charmander\documents\visual studio 2015\projects\final\final\debug\nimble.obj
c:\users\charmander\documents\visual studio 2015\projects\final\final\debug\observer.obj
c:\users\charmander\documents\visual studio 2015\projects\final\final\debug\panel.obj
c:\users\charmander\documents\visual studio 2015\projects\final\final\debug\subject.obj
c:\users\charmander\documents\visual studio 2015\projects\final\final\debug\tank.obj
c:\users\charmander\documents\visual studio 2015\projects\final\final\debug\hero.obj
c:\users\charmander\documents\visual studio 2015\projects\final\final\debug\characterbuilder.obj
c:\users\charmander\documents\visual studio 2015\projects\final\debug\final.pdb
c:\users\charmander\documents\visual studio 2015\projects\final\final\debug\final.tlog\cl.command.1.tlog
c:\users\charmander\documents\visual studio 2015\projects\final\final\debug\final.tlog\cl.read.1.tlog
c:\users\charmander\documents\visual studio 2015\projects\final\final\debug\final.tlog\cl.write.1.tlog
c:\users\charmander\documents\visual studio 2015\projects\final\final\debug\final.tlog\link-cvtres.read.1.tlog
c:\users\charmander\documents\visual studio 2015\projects\final\final\debug\final.tlog\link-cvtres.write.1.tlog
c:\users\charmander\documents\visual studio 2015\projects\final\final\debug\final.tlog\link-rc.read.1.tlog
c:\users\charmander\documents\visual studio 2015\projects\final\final\debug\final.tlog\link-rc.write.1.tlog
c:\users\charmander\documents\visual studio 2015\projects\final\final\debug\final.tlog\link.command.1.tlog
c:\users\charmander\documents\visual studio 2015\projects\final\final\debug\final.tlog\link.read.1.tlog
c:\users\charmander\documents\visual studio 2015\projects\final\final\debug\final.tlog\link.write.1.tlog
